<?xml version="1.0" encoding="UTF-8"?>
<testng-results skipped="0" failed="1" ignored="0" total="2" passed="1">
  <reporter-output>
  </reporter-output>
  <suite name="Default suite" duration-ms="24448" started-at="2020-05-23T18:40:08 CST" finished-at="2020-05-23T18:40:32 CST">
    <groups>
    </groups>
    <test name="Default test" duration-ms="24448" started-at="2020-05-23T18:40:08 CST" finished-at="2020-05-23T18:40:32 CST">
      <class name="edu.com.liqiushui.TestCase">
        <test-method status="PASS" signature="startUp()[pri:0, instance:edu.com.liqiushui.TestCase@711f39f9]" name="startUp" is-config="true" duration-ms="22933" started-at="2020-05-23T18:40:08 CST" finished-at="2020-05-23T18:40:31 CST">
          <reporter-output>
          </reporter-output>
        </test-method> <!-- startUp -->
        <test-method status="FAIL" signature="clickchat()[pri:0, instance:edu.com.liqiushui.TestCase@711f39f9]" name="clickchat" duration-ms="757" started-at="2020-05-23T18:40:31 CST" finished-at="2020-05-23T18:40:32 CST">
          <exception class="org.openqa.selenium.NoSuchElementException">
            <message>
              <![CDATA[An element could not be located on the page using the given search parameters.
For documentation on this error, please visit: https://www.seleniumhq.org/exceptions/no_such_element.html
Build info: version: '3.141.59', revision: 'e82be7d358', time: '2018-11-14T08:25:53'
System info: host: 'DESKTOP-4RQ7SO6', ip: '192.168.0.106', os.name: 'Windows 10', os.arch: 'amd64', os.version: '10.0', java.version: '1.8.0_171'
Driver info: io.appium.java_client.android.AndroidDriver
Capabilities {appActivity: com.cnezsoft.xxm.MainActivity, appPackage: com.cnezsoft.xxm, databaseEnabled: false, desired: {appActivity: com.cnezsoft.xxm.MainActivity, appPackage: com.cnezsoft.xxm, deviceName: 127.0.0.1:62001, noReset: true, platformName: android}, deviceApiLevel: 22, deviceManufacturer: Google, deviceModel: google Pixel 2, deviceName: 127.0.0.1:62001, deviceScreenDensity: 320, deviceScreenSize: 1600x900, deviceUDID: 127.0.0.1:62001, javascriptEnabled: true, locationContextEnabled: false, networkConnectionEnabled: true, noReset: true, pixelRatio: 2, platform: LINUX, platformName: Android, platformVersion: 5.1.1, statBarHeight: 50, takesScreenshot: true, viewportRect: {height: 850, left: 0, top: 50, width: 1600}, warnings: {}, webStorageEnabled: false}
Session ID: d4caf444-1ee0-40ec-ad65-c39b5662d5b5
*** Element info: {Using=xpath, value=//*[@text='聊天']}]]>
            </message>
            <full-stacktrace>
              <![CDATA[org.openqa.selenium.NoSuchElementException: An element could not be located on the page using the given search parameters.
For documentation on this error, please visit: https://www.seleniumhq.org/exceptions/no_such_element.html
Build info: version: '3.141.59', revision: 'e82be7d358', time: '2018-11-14T08:25:53'
System info: host: 'DESKTOP-4RQ7SO6', ip: '192.168.0.106', os.name: 'Windows 10', os.arch: 'amd64', os.version: '10.0', java.version: '1.8.0_171'
Driver info: io.appium.java_client.android.AndroidDriver
Capabilities {appActivity: com.cnezsoft.xxm.MainActivity, appPackage: com.cnezsoft.xxm, databaseEnabled: false, desired: {appActivity: com.cnezsoft.xxm.MainActivity, appPackage: com.cnezsoft.xxm, deviceName: 127.0.0.1:62001, noReset: true, platformName: android}, deviceApiLevel: 22, deviceManufacturer: Google, deviceModel: google Pixel 2, deviceName: 127.0.0.1:62001, deviceScreenDensity: 320, deviceScreenSize: 1600x900, deviceUDID: 127.0.0.1:62001, javascriptEnabled: true, locationContextEnabled: false, networkConnectionEnabled: true, noReset: true, pixelRatio: 2, platform: LINUX, platformName: Android, platformVersion: 5.1.1, statBarHeight: 50, takesScreenshot: true, viewportRect: {height: 850, left: 0, top: 50, width: 1600}, warnings: {}, webStorageEnabled: false}
Session ID: d4caf444-1ee0-40ec-ad65-c39b5662d5b5
*** Element info: {Using=xpath, value=//*[@text='聊天']}
at sun.reflect.NativeConstructorAccessorImpl.newInstance0(Native Method)
at sun.reflect.NativeConstructorAccessorImpl.newInstance(Unknown Source)
at sun.reflect.DelegatingConstructorAccessorImpl.newInstance(Unknown Source)
at java.lang.reflect.Constructor.newInstance(Unknown Source)
at org.openqa.selenium.remote.http.W3CHttpResponseCodec.createException(W3CHttpResponseCodec.java:187)
at org.openqa.selenium.remote.http.W3CHttpResponseCodec.decode(W3CHttpResponseCodec.java:122)
at org.openqa.selenium.remote.http.W3CHttpResponseCodec.decode(W3CHttpResponseCodec.java:49)
at org.openqa.selenium.remote.HttpCommandExecutor.execute(HttpCommandExecutor.java:158)
at io.appium.java_client.remote.AppiumCommandExecutor.execute(AppiumCommandExecutor.java:239)
at org.openqa.selenium.remote.RemoteWebDriver.execute(RemoteWebDriver.java:552)
at io.appium.java_client.DefaultGenericMobileDriver.execute(DefaultGenericMobileDriver.java:41)
at io.appium.java_client.AppiumDriver.execute(AppiumDriver.java:1)
at io.appium.java_client.android.AndroidDriver.execute(AndroidDriver.java:1)
at org.openqa.selenium.remote.RemoteWebDriver.findElement(RemoteWebDriver.java:323)
at io.appium.java_client.DefaultGenericMobileDriver.findElement(DefaultGenericMobileDriver.java:61)
at io.appium.java_client.AppiumDriver.findElement(AppiumDriver.java:1)
at io.appium.java_client.android.AndroidDriver.findElement(AndroidDriver.java:1)
at org.openqa.selenium.remote.RemoteWebDriver.findElementByXPath(RemoteWebDriver.java:428)
at io.appium.java_client.DefaultGenericMobileDriver.findElementByXPath(DefaultGenericMobileDriver.java:151)
at io.appium.java_client.AppiumDriver.findElementByXPath(AppiumDriver.java:1)
at io.appium.java_client.android.AndroidDriver.findElementByXPath(AndroidDriver.java:1)
at edu.com.liqiushui.Pages.chat(Pages.java:8)
at edu.com.liqiushui.TestCase.clickchat(TestCase.java:13)
at sun.reflect.NativeMethodAccessorImpl.invoke0(Native Method)
at sun.reflect.NativeMethodAccessorImpl.invoke(Unknown Source)
at sun.reflect.DelegatingMethodAccessorImpl.invoke(Unknown Source)
at java.lang.reflect.Method.invoke(Unknown Source)
at org.testng.internal.MethodInvocationHelper.invokeMethod(MethodInvocationHelper.java:135)
at org.testng.internal.TestInvoker.invokeMethod(TestInvoker.java:598)
at org.testng.internal.TestInvoker.invokeTestMethod(TestInvoker.java:174)
at org.testng.internal.MethodRunner.runInSequence(MethodRunner.java:46)
at org.testng.internal.TestInvoker$MethodInvocationAgent.invoke(TestInvoker.java:821)
at org.testng.internal.TestInvoker.invokeTestMethods(TestInvoker.java:147)
at org.testng.internal.TestMethodWorker.invokeTestMethods(TestMethodWorker.java:146)
at org.testng.internal.TestMethodWorker.run(TestMethodWorker.java:128)
at java.util.ArrayList.forEach(Unknown Source)
at org.testng.TestRunner.privateRun(TestRunner.java:767)
at org.testng.TestRunner.run(TestRunner.java:588)
at org.testng.SuiteRunner.runTest(SuiteRunner.java:384)
at org.testng.SuiteRunner.runSequentially(SuiteRunner.java:378)
at org.testng.SuiteRunner.privateRun(SuiteRunner.java:337)
at org.testng.SuiteRunner.run(SuiteRunner.java:286)
at org.testng.SuiteRunnerWorker.runSuite(SuiteRunnerWorker.java:53)
at org.testng.SuiteRunnerWorker.run(SuiteRunnerWorker.java:96)
at org.testng.TestNG.runSuitesSequentially(TestNG.java:1214)
at org.testng.TestNG.runSuitesLocally(TestNG.java:1136)
at org.testng.TestNG.runSuites(TestNG.java:1066)
at org.testng.TestNG.run(TestNG.java:1034)
at org.testng.remote.AbstractRemoteTestNG.run(AbstractRemoteTestNG.java:115)
at org.testng.remote.RemoteTestNG.initAndRun(RemoteTestNG.java:251)
at org.testng.remote.RemoteTestNG.main(RemoteTestNG.java:77)
]]>
            </full-stacktrace>
          </exception> <!-- org.openqa.selenium.NoSuchElementException -->
          <reporter-output>
          </reporter-output>
        </test-method> <!-- clickchat -->
        <test-method status="PASS" signature="createchat()[pri:0, instance:edu.com.liqiushui.TestCase@711f39f9]" name="createchat" duration-ms="690" started-at="2020-05-23T18:40:32 CST" finished-at="2020-05-23T18:40:32 CST">
          <reporter-output>
          </reporter-output>
        </test-method> <!-- createchat -->
      </class> <!-- edu.com.liqiushui.TestCase -->
    </test> <!-- Default test -->
  </suite> <!-- Default suite -->
</testng-results>
